<?xml version="1.0" encoding="UTF-8"?>
<!-- Generated by org.testng.reporters.JUnitReportReporter -->
<testsuite hostname="LAPTOP-1RGMJ9DD" failures="0" tests="1" name="in.rebus.testsripts.BookingTickets" time="0.391" errors="0" timestamp="2023-07-20T14:23:36 IST" skipped="0">
  <testcase classname="in.rebus.testsripts.BookingTickets" name="SearchPlace" time="0.391"/>
</testsuite> <!-- in.rebus.testsripts.BookingTickets -->
